Using pre-set license
Built from '2020.3/staging' branch; Version is '2020.3.4f1 (0abb6314276a) revision 703331'; Using compiler version '192528614'; Build Type 'Release'
OS: 'Windows 10 Pro; OS build 19041.928; Version 2004; 64bit' Language: 'es' Physical Memory: 16283 MB
BatchMode: 1, IsHumanControllingUs: 0, StartBugReporterOnCrash: 0, Is64bit: 1, IsPro: 0

 COMMAND LINE ARGUMENTS:
C:\Program Files\Unity\Hub\Editor\2020.3.4f1\Editor\Unity.exe
-adb2
-batchMode
-noUpm
-name
AssetImportWorker0
-projectPath
C:/Users/MAURO/Documents/Unity/Solis_Mauro_Scrolling_Shooter
-logFile
Logs/AssetImportWorker0.log
-srvPort
50621
Successfully changed project path to: C:/Users/MAURO/Documents/Unity/Solis_Mauro_Scrolling_Shooter
C:/Users/MAURO/Documents/Unity/Solis_Mauro_Scrolling_Shooter
Using Asset Import Pipeline V2.
Refreshing native plugins compatible for Editor in 25.96 ms, found 0 plugins.
Preloading 0 native plugins for Editor in 0.00 ms.
Initialize engine version: 2020.3.4f1 (0abb6314276a)
[Subsystems] Discovering subsystems at path C:/Program Files/Unity/Hub/Editor/2020.3.4f1/Editor/Data/Resources/UnitySubsystems
[Subsystems] Discovering subsystems at path C:/Users/MAURO/Documents/Unity/Solis_Mauro_Scrolling_Shooter/Assets
GfxDevice: creating device client; threaded=0
Direct3D:
    Version:  Direct3D 11.0 [level 11.1]
    Renderer: Radeon RX 580 Series (ID=0x67df)
    Vendor:   
    VRAM:     8171 MB
    Driver:   27.20.14501.18003
Initialize mono
Mono path[0] = 'C:/Program Files/Unity/Hub/Editor/2020.3.4f1/Editor/Data/Managed'
Mono path[1] = 'C:/Program Files/Unity/Hub/Editor/2020.3.4f1/Editor/Data/MonoBleedingEdge/lib/mono/unityjit'
Mono config path = 'C:/Program Files/Unity/Hub/Editor/2020.3.4f1/Editor/Data/MonoBleedingEdge/etc'
Using monoOptions --debugger-agent=transport=dt_socket,embedding=1,server=y,suspend=n,address=127.0.0.1:56740
Begin MonoManager ReloadAssembly
Registering precompiled unity dll's ...
Register platform support module: C:/Program Files/Unity/Hub/Editor/2020.3.4f1/Editor/Data/PlaybackEngines/WindowsStandaloneSupport/UnityEditor.WindowsStandalone.Extensions.dll
Registered in 0.003808 seconds.
Native extension for WindowsStandalone target not found
Refreshing native plugins compatible for Editor in 23.92 ms, found 0 plugins.
Preloading 0 native plugins for Editor in 0.00 ms.
Mono: successfully reloaded assembly
- Completed reload, in  2.065 seconds
Platform modules already initialized, skipping
Registering precompiled user dll's ...
Registered in 0.001118 seconds.
Begin MonoManager ReloadAssembly
Native extension for WindowsStandalone target not found
Refreshing native plugins compatible for Editor in 0.18 ms, found 0 plugins.
Preloading 0 native plugins for Editor in 0.00 ms.
Mono: successfully reloaded assembly
- Completed reload, in  0.963 seconds
Platform modules already initialized, skipping
========================================================================
Worker process is ready to serve import requests
Launched and connected shader compiler UnityShaderCompiler.exe after 0.07 seconds
Refreshing native plugins compatible for Editor in 0.15 ms, found 0 plugins.
Preloading 0 native plugins for Editor in 0.00 ms.
Unloading 683 Unused Serialized files (Serialized files now loaded: 0)
System memory in use before: 42.6 MB.
System memory in use after: 42.6 MB.

Unloading 9 unused Assets to reduce memory usage. Loaded Objects now: 1129.
Total: 1.747300 ms (FindLiveObjects: 0.153300 ms CreateObjectMapping: 0.024900 ms MarkObjects: 1.465300 ms  DeleteObjects: 0.102500 ms)

========================================================================
Received Import Request.
  path: Assets/Scenes/Gameplay.unity
  artifactKey: Guid(2cda990e2423bbf4892e6590ba056729) Importer(815301076,1909f56bfc062723c751e8b465ee728b)
Start importing Assets/Scenes/Gameplay.unity using Guid(2cda990e2423bbf4892e6590ba056729) Importer(815301076,1909f56bfc062723c751e8b465ee728b)  -> (artifact id: 'd02582796dc7bac79825382ea630253f') in 0.013651 seconds
  Import took 0.015939 seconds .

========================================================================
Received Import Request.
  Time since last request: 5.494344 seconds.
  path: Assets/Scrips/GameController.cs
  artifactKey: Guid(67bc6a0444ff60b458db3afae6090939) Importer(815301076,1909f56bfc062723c751e8b465ee728b)
Start importing Assets/Scrips/GameController.cs using Guid(67bc6a0444ff60b458db3afae6090939) Importer(815301076,1909f56bfc062723c751e8b465ee728b)  -> (artifact id: 'e1d04b810b90f98b209b3d294dbe10b3') in 0.043855 seconds
  Import took 0.046907 seconds .

========================================================================
Received Prepare
Registering precompiled user dll's ...
Registered in 0.001247 seconds.
Begin MonoManager ReloadAssembly
Native extension for WindowsStandalone target not found
Refreshing native plugins compatible for Editor in 0.32 ms, found 0 plugins.
Preloading 0 native plugins for Editor in 0.00 ms.
Mono: successfully reloaded assembly
- Completed reload, in  0.983 seconds
Platform modules already initialized, skipping
Refreshing native plugins compatible for Editor in 0.24 ms, found 0 plugins.
Preloading 0 native plugins for Editor in 0.00 ms.
Unloading 679 Unused Serialized files (Serialized files now loaded: 0)
System memory in use before: 42.6 MB.
System memory in use after: 42.7 MB.

Unloading 4 unused Assets to reduce memory usage. Loaded Objects now: 1132.
Total: 2.019900 ms (FindLiveObjects: 0.186900 ms CreateObjectMapping: 0.040000 ms MarkObjects: 1.765700 ms  DeleteObjects: 0.026100 ms)

========================================================================
Received Import Request.
  Time since last request: 583.093434 seconds.
  path: Assets/Scrips/GameController.cs
  artifactKey: Guid(67bc6a0444ff60b458db3afae6090939) Importer(815301076,1909f56bfc062723c751e8b465ee728b)
Start importing Assets/Scrips/GameController.cs using Guid(67bc6a0444ff60b458db3afae6090939) Importer(815301076,1909f56bfc062723c751e8b465ee728b)  -> (artifact id: '223348870217226d48f6cb6921f55d87') in 0.006417 seconds
  Import took 0.008429 seconds .

========================================================================
Received Import Request.
  Time since last request: 0.000761 seconds.
  path: Assets/Scrips/GameController.cs
  artifactKey: Guid(67bc6a0444ff60b458db3afae6090939) Importer(815301076,1909f56bfc062723c751e8b465ee728b)
Start importing Assets/Scrips/GameController.cs using Guid(67bc6a0444ff60b458db3afae6090939) Importer(815301076,1909f56bfc062723c751e8b465ee728b)  -> (artifact id: '223348870217226d48f6cb6921f55d87') in 0.005979 seconds
  Import took 0.008478 seconds .

========================================================================
Received Prepare
Registering precompiled user dll's ...
Registered in 0.001123 seconds.
Begin MonoManager ReloadAssembly
Native extension for WindowsStandalone target not found
Refreshing native plugins compatible for Editor in 0.17 ms, found 0 plugins.
Preloading 0 native plugins for Editor in 0.00 ms.
Mono: successfully reloaded assembly
- Completed reload, in  1.043 seconds
Platform modules already initialized, skipping
Refreshing native plugins compatible for Editor in 0.29 ms, found 0 plugins.
Preloading 0 native plugins for Editor in 0.00 ms.
Unloading 679 Unused Serialized files (Serialized files now loaded: 0)
System memory in use before: 42.6 MB.
System memory in use after: 42.7 MB.

Unloading 4 unused Assets to reduce memory usage. Loaded Objects now: 1135.
Total: 1.710900 ms (FindLiveObjects: 0.218400 ms CreateObjectMapping: 0.035500 ms MarkObjects: 1.426800 ms  DeleteObjects: 0.029200 ms)

========================================================================
Received Import Request.
  Time since last request: 134.219000 seconds.
  path: Assets/Scrips/GameController.cs
  artifactKey: Guid(67bc6a0444ff60b458db3afae6090939) Importer(815301076,1909f56bfc062723c751e8b465ee728b)
Start importing Assets/Scrips/GameController.cs using Guid(67bc6a0444ff60b458db3afae6090939) Importer(815301076,1909f56bfc062723c751e8b465ee728b)  -> (artifact id: 'bc67000519e9e6d27ffe1f830692f33b') in 0.005277 seconds
  Import took 0.007507 seconds .

========================================================================
Received Import Request.
  Time since last request: 0.514331 seconds.
  path: Assets/Scrips/Player.cs
  artifactKey: Guid(f8a352a75562165478e40377bbdd086b) Importer(815301076,1909f56bfc062723c751e8b465ee728b)
Start importing Assets/Scrips/Player.cs using Guid(f8a352a75562165478e40377bbdd086b) Importer(815301076,1909f56bfc062723c751e8b465ee728b)  -> (artifact id: 'e0f0970a4eb4e58a7a571bebd4d7aad4') in 0.006019 seconds
  Import took 0.009304 seconds .

========================================================================
Received Prepare
Registering precompiled user dll's ...
Registered in 0.001258 seconds.
Begin MonoManager ReloadAssembly
Native extension for WindowsStandalone target not found
Refreshing native plugins compatible for Editor in 0.21 ms, found 0 plugins.
Preloading 0 native plugins for Editor in 0.00 ms.
Mono: successfully reloaded assembly
- Completed reload, in  1.007 seconds
Platform modules already initialized, skipping
Refreshing native plugins compatible for Editor in 0.16 ms, found 0 plugins.
Preloading 0 native plugins for Editor in 0.00 ms.
Unloading 679 Unused Serialized files (Serialized files now loaded: 0)
System memory in use before: 42.6 MB.
System memory in use after: 42.7 MB.

Unloading 4 unused Assets to reduce memory usage. Loaded Objects now: 1138.
Total: 2.048800 ms (FindLiveObjects: 0.112900 ms CreateObjectMapping: 0.024300 ms MarkObjects: 1.856400 ms  DeleteObjects: 0.053900 ms)

========================================================================
Received Import Request.
  Time since last request: 541.804310 seconds.
  path: Assets/Scrips/Player.cs
  artifactKey: Guid(f8a352a75562165478e40377bbdd086b) Importer(815301076,1909f56bfc062723c751e8b465ee728b)
Start importing Assets/Scrips/Player.cs using Guid(f8a352a75562165478e40377bbdd086b) Importer(815301076,1909f56bfc062723c751e8b465ee728b)  -> (artifact id: '843c2e7309bc50073bf4e80c479993d1') in 0.005712 seconds
  Import took 0.007714 seconds .

========================================================================
Received Import Request.
  Time since last request: 158.979580 seconds.
  path: Assets/Sprites/enemyBlack4.png
  artifactKey: Guid(66edb3058bb58974e8c83c2edfe29124) Importer(815301076,1909f56bfc062723c751e8b465ee728b)
Start importing Assets/Sprites/enemyBlack4.png using Guid(66edb3058bb58974e8c83c2edfe29124) Importer(815301076,1909f56bfc062723c751e8b465ee728b)  -> (artifact id: 'e3e30308aa44716424296cd321f133d6') in 0.105911 seconds
  Import took 0.108199 seconds .

========================================================================
Received Import Request.
  Time since last request: 5.936865 seconds.
  path: Assets/Sprites/enemyBlack2.png
  artifactKey: Guid(57e41511a0a61484690ccc56af9fa9c8) Importer(815301076,1909f56bfc062723c751e8b465ee728b)
Start importing Assets/Sprites/enemyBlack2.png using Guid(57e41511a0a61484690ccc56af9fa9c8) Importer(815301076,1909f56bfc062723c751e8b465ee728b)  -> (artifact id: '76ed339855dcf32128b58250778345cf') in 0.016095 seconds
  Import took 0.018609 seconds .

========================================================================
Received Import Request.
  Time since last request: 7.235048 seconds.
  path: Assets/Sprites/Boss.png
  artifactKey: Guid(66edb3058bb58974e8c83c2edfe29124) Importer(815301076,1909f56bfc062723c751e8b465ee728b)
Start importing Assets/Sprites/Boss.png using Guid(66edb3058bb58974e8c83c2edfe29124) Importer(815301076,1909f56bfc062723c751e8b465ee728b)  -> (artifact id: 'ca86020590462c217ef74d2bfe7a593e') in 0.011308 seconds
  Import took 0.013363 seconds .

========================================================================
Received Import Request.
  Time since last request: 10.642433 seconds.
  path: Assets/Sprites/Boss Enemy.png
  artifactKey: Guid(57e41511a0a61484690ccc56af9fa9c8) Importer(815301076,1909f56bfc062723c751e8b465ee728b)
Start importing Assets/Sprites/Boss Enemy.png using Guid(57e41511a0a61484690ccc56af9fa9c8) Importer(815301076,1909f56bfc062723c751e8b465ee728b)  -> (artifact id: 'c2f72bf7f4a3c691ff98dea3183812a8') in 0.011656 seconds
  Import took 0.015510 seconds .

========================================================================
Received Import Request.
  Time since last request: 39.521052 seconds.
  path: Assets/Sprites/laserRed03.png
  artifactKey: Guid(9817389350aca824ab6b983f05d26484) Importer(815301076,1909f56bfc062723c751e8b465ee728b)
Start importing Assets/Sprites/laserRed03.png using Guid(9817389350aca824ab6b983f05d26484) Importer(815301076,1909f56bfc062723c751e8b465ee728b)  -> (artifact id: '3fcac6a7dd75505ae16e7dced3357675') in 0.016751 seconds
  Import took 0.018874 seconds .

========================================================================
Received Import Request.
  Time since last request: 8.572240 seconds.
  path: Assets/Sprites/Bala Enemy.png
  artifactKey: Guid(9817389350aca824ab6b983f05d26484) Importer(815301076,1909f56bfc062723c751e8b465ee728b)
Start importing Assets/Sprites/Bala Enemy.png using Guid(9817389350aca824ab6b983f05d26484) Importer(815301076,1909f56bfc062723c751e8b465ee728b)  -> (artifact id: 'd1f3aadac5f079c8198fbe22a5dfbe95') in 0.011331 seconds
  Import took 0.013205 seconds .

========================================================================
Received Prepare
Registering precompiled user dll's ...
Registered in 0.001019 seconds.
Begin MonoManager ReloadAssembly
Native extension for WindowsStandalone target not found
Refreshing native plugins compatible for Editor in 0.25 ms, found 0 plugins.
Preloading 0 native plugins for Editor in 0.00 ms.
Mono: successfully reloaded assembly
- Completed reload, in  0.898 seconds
Platform modules already initialized, skipping
Refreshing native plugins compatible for Editor in 0.20 ms, found 0 plugins.
Preloading 0 native plugins for Editor in 0.00 ms.
Unloading 679 Unused Serialized files (Serialized files now loaded: 0)
System memory in use before: 45.8 MB.
System memory in use after: 45.8 MB.

Unloading 4 unused Assets to reduce memory usage. Loaded Objects now: 1151.
Total: 3.127500 ms (FindLiveObjects: 0.891000 ms CreateObjectMapping: 0.545500 ms MarkObjects: 1.675200 ms  DeleteObjects: 0.014500 ms)

========================================================================
Received Prepare
Registering precompiled user dll's ...
Registered in 0.001120 seconds.
Begin MonoManager ReloadAssembly
Native extension for WindowsStandalone target not found
Refreshing native plugins compatible for Editor in 0.73 ms, found 0 plugins.
Preloading 0 native plugins for Editor in 0.00 ms.
Mono: successfully reloaded assembly
- Completed reload, in  0.979 seconds
Platform modules already initialized, skipping
Refreshing native plugins compatible for Editor in 0.34 ms, found 0 plugins.
Preloading 0 native plugins for Editor in 0.00 ms.
Unloading 679 Unused Serialized files (Serialized files now loaded: 0)
System memory in use before: 45.7 MB.
System memory in use after: 45.8 MB.

Unloading 4 unused Assets to reduce memory usage. Loaded Objects now: 1154.
Total: 1.542700 ms (FindLiveObjects: 0.096200 ms CreateObjectMapping: 0.021300 ms MarkObjects: 1.395300 ms  DeleteObjects: 0.029000 ms)

========================================================================
Received Prepare
Registering precompiled user dll's ...
Registered in 0.000982 seconds.
Begin MonoManager ReloadAssembly
Native extension for WindowsStandalone target not found
Refreshing native plugins compatible for Editor in 0.19 ms, found 0 plugins.
Preloading 0 native plugins for Editor in 0.00 ms.
Mono: successfully reloaded assembly
- Completed reload, in  0.903 seconds
Platform modules already initialized, skipping
Refreshing native plugins compatible for Editor in 0.15 ms, found 0 plugins.
Preloading 0 native plugins for Editor in 0.00 ms.
Unloading 679 Unused Serialized files (Serialized files now loaded: 0)
System memory in use before: 45.8 MB.
System memory in use after: 45.8 MB.

Unloading 4 unused Assets to reduce memory usage. Loaded Objects now: 1157.
Total: 1.614300 ms (FindLiveObjects: 0.216500 ms CreateObjectMapping: 0.050800 ms MarkObjects: 1.313900 ms  DeleteObjects: 0.030800 ms)

========================================================================
Received Prepare
Registering precompiled user dll's ...
Registered in 0.001052 seconds.
Begin MonoManager ReloadAssembly
Native extension for WindowsStandalone target not found
Refreshing native plugins compatible for Editor in 0.16 ms, found 0 plugins.
Preloading 0 native plugins for Editor in 0.00 ms.
Mono: successfully reloaded assembly
- Completed reload, in  0.942 seconds
Platform modules already initialized, skipping
Refreshing native plugins compatible for Editor in 0.16 ms, found 0 plugins.
Preloading 0 native plugins for Editor in 0.00 ms.
Unloading 679 Unused Serialized files (Serialized files now loaded: 0)
System memory in use before: 45.7 MB.
System memory in use after: 45.8 MB.

Unloading 4 unused Assets to reduce memory usage. Loaded Objects now: 1160.
Total: 1.633400 ms (FindLiveObjects: 0.117600 ms CreateObjectMapping: 0.021500 ms MarkObjects: 1.445300 ms  DeleteObjects: 0.047800 ms)

========================================================================
Received Import Request.
  Time since last request: 696.636189 seconds.
  path: Assets/Animations/Player.controller
  artifactKey: Guid(2f2506129f29a734799f96125299eddf) Importer(815301076,1909f56bfc062723c751e8b465ee728b)
Start importing Assets/Animations/Player.controller using Guid(2f2506129f29a734799f96125299eddf) Importer(815301076,1909f56bfc062723c751e8b465ee728b)  -> (artifact id: '0bd29defbd04eeeadf5b93920357c6af') in 0.020678 seconds
  Import took 0.023261 seconds .

========================================================================
Received Prepare
Registering precompiled user dll's ...
Registered in 0.001735 seconds.
Begin MonoManager ReloadAssembly
Native extension for WindowsStandalone target not found
Refreshing native plugins compatible for Editor in 0.16 ms, found 0 plugins.
Preloading 0 native plugins for Editor in 0.00 ms.
Mono: successfully reloaded assembly
- Completed reload, in  0.952 seconds
Platform modules already initialized, skipping
Refreshing native plugins compatible for Editor in 0.17 ms, found 0 plugins.
Preloading 0 native plugins for Editor in 0.00 ms.
Unloading 679 Unused Serialized files (Serialized files now loaded: 0)
System memory in use before: 45.8 MB.
System memory in use after: 45.8 MB.

Unloading 4 unused Assets to reduce memory usage. Loaded Objects now: 1163.
Total: 1.421500 ms (FindLiveObjects: 0.102300 ms CreateObjectMapping: 0.022400 ms MarkObjects: 1.282800 ms  DeleteObjects: 0.012900 ms)

========================================================================
Received Prepare
Registering precompiled user dll's ...
Registered in 0.001006 seconds.
Begin MonoManager ReloadAssembly
Native extension for WindowsStandalone target not found
Refreshing native plugins compatible for Editor in 0.19 ms, found 0 plugins.
Preloading 0 native plugins for Editor in 0.00 ms.
Mono: successfully reloaded assembly
- Completed reload, in  0.934 seconds
Platform modules already initialized, skipping
Refreshing native plugins compatible for Editor in 0.18 ms, found 0 plugins.
Preloading 0 native plugins for Editor in 0.00 ms.
Unloading 679 Unused Serialized files (Serialized files now loaded: 0)
System memory in use before: 45.8 MB.
System memory in use after: 45.8 MB.

Unloading 4 unused Assets to reduce memory usage. Loaded Objects now: 1166.
Total: 1.474200 ms (FindLiveObjects: 0.117300 ms CreateObjectMapping: 0.029700 ms MarkObjects: 1.296700 ms  DeleteObjects: 0.029500 ms)

========================================================================
Received Prepare
Registering precompiled user dll's ...
Registered in 0.001146 seconds.
Begin MonoManager ReloadAssembly
Native extension for WindowsStandalone target not found
Refreshing native plugins compatible for Editor in 0.18 ms, found 0 plugins.
Preloading 0 native plugins for Editor in 0.00 ms.
Mono: successfully reloaded assembly
- Completed reload, in  1.068 seconds
Platform modules already initialized, skipping
Refreshing native plugins compatible for Editor in 0.16 ms, found 0 plugins.
Preloading 0 native plugins for Editor in 0.00 ms.
Unloading 679 Unused Serialized files (Serialized files now loaded: 0)
System memory in use before: 45.8 MB.
System memory in use after: 45.8 MB.

Unloading 4 unused Assets to reduce memory usage. Loaded Objects now: 1169.
Total: 1.893900 ms (FindLiveObjects: 0.141000 ms CreateObjectMapping: 0.023900 ms MarkObjects: 1.698100 ms  DeleteObjects: 0.029700 ms)

========================================================================
Received Prepare
Registering precompiled user dll's ...
Registered in 0.001223 seconds.
Begin MonoManager ReloadAssembly
Native extension for WindowsStandalone target not found
Refreshing native plugins compatible for Editor in 0.25 ms, found 0 plugins.
Preloading 0 native plugins for Editor in 0.00 ms.
Mono: successfully reloaded assembly
- Completed reload, in  0.928 seconds
Platform modules already initialized, skipping
Refreshing native plugins compatible for Editor in 0.16 ms, found 0 plugins.
Preloading 0 native plugins for Editor in 0.00 ms.
Unloading 679 Unused Serialized files (Serialized files now loaded: 0)
System memory in use before: 45.8 MB.
System memory in use after: 45.8 MB.

Unloading 4 unused Assets to reduce memory usage. Loaded Objects now: 1172.
Total: 2.447900 ms (FindLiveObjects: 0.115700 ms CreateObjectMapping: 0.048700 ms MarkObjects: 2.250100 ms  DeleteObjects: 0.031400 ms)

========================================================================
Received Prepare
Registering precompiled user dll's ...
Registered in 0.001266 seconds.
Begin MonoManager ReloadAssembly
Native extension for WindowsStandalone target not found
Refreshing native plugins compatible for Editor in 0.17 ms, found 0 plugins.
Preloading 0 native plugins for Editor in 0.00 ms.
Mono: successfully reloaded assembly
- Completed reload, in  0.943 seconds
Platform modules already initialized, skipping
Refreshing native plugins compatible for Editor in 0.27 ms, found 0 plugins.
Preloading 0 native plugins for Editor in 0.00 ms.
Unloading 679 Unused Serialized files (Serialized files now loaded: 0)
System memory in use before: 45.8 MB.
System memory in use after: 45.8 MB.

Unloading 4 unused Assets to reduce memory usage. Loaded Objects now: 1175.
Total: 2.310600 ms (FindLiveObjects: 0.671200 ms CreateObjectMapping: 0.051100 ms MarkObjects: 1.554300 ms  DeleteObjects: 0.028100 ms)

========================================================================
Received Prepare
Registering precompiled user dll's ...
Registered in 0.001218 seconds.
Begin MonoManager ReloadAssembly
Native extension for WindowsStandalone target not found
Refreshing native plugins compatible for Editor in 0.19 ms, found 0 plugins.
Preloading 0 native plugins for Editor in 0.00 ms.
Mono: successfully reloaded assembly
- Completed reload, in  0.964 seconds
Platform modules already initialized, skipping
Refreshing native plugins compatible for Editor in 0.22 ms, found 0 plugins.
Preloading 0 native plugins for Editor in 0.00 ms.
Unloading 679 Unused Serialized files (Serialized files now loaded: 0)
System memory in use before: 45.8 MB.
System memory in use after: 45.9 MB.

Unloading 4 unused Assets to reduce memory usage. Loaded Objects now: 1178.
Total: 2.002600 ms (FindLiveObjects: 0.137500 ms CreateObjectMapping: 0.036000 ms MarkObjects: 1.781600 ms  DeleteObjects: 0.046300 ms)

========================================================================
Received Prepare
Registering precompiled user dll's ...
Registered in 0.001073 seconds.
Begin MonoManager ReloadAssembly
Native extension for WindowsStandalone target not found
Refreshing native plugins compatible for Editor in 0.18 ms, found 0 plugins.
Preloading 0 native plugins for Editor in 0.00 ms.
Mono: successfully reloaded assembly
- Completed reload, in  0.937 seconds
Platform modules already initialized, skipping
Refreshing native plugins compatible for Editor in 0.20 ms, found 0 plugins.
Preloading 0 native plugins for Editor in 0.00 ms.
Unloading 679 Unused Serialized files (Serialized files now loaded: 0)
System memory in use before: 45.8 MB.
System memory in use after: 45.8 MB.

Unloading 4 unused Assets to reduce memory usage. Loaded Objects now: 1181.
Total: 1.623900 ms (FindLiveObjects: 0.127100 ms CreateObjectMapping: 0.035000 ms MarkObjects: 1.431600 ms  DeleteObjects: 0.029000 ms)

========================================================================
Received Prepare
Registering precompiled user dll's ...
Registered in 0.001410 seconds.
Begin MonoManager ReloadAssembly
Native extension for WindowsStandalone target not found
Refreshing native plugins compatible for Editor in 0.32 ms, found 0 plugins.
Preloading 0 native plugins for Editor in 0.00 ms.
Mono: successfully reloaded assembly
- Completed reload, in  0.975 seconds
Platform modules already initialized, skipping
Refreshing native plugins compatible for Editor in 0.17 ms, found 0 plugins.
Preloading 0 native plugins for Editor in 0.00 ms.
Unloading 679 Unused Serialized files (Serialized files now loaded: 0)
System memory in use before: 45.8 MB.
System memory in use after: 45.8 MB.

Unloading 4 unused Assets to reduce memory usage. Loaded Objects now: 1184.
Total: 1.849900 ms (FindLiveObjects: 0.215600 ms CreateObjectMapping: 0.060000 ms MarkObjects: 1.546600 ms  DeleteObjects: 0.026000 ms)

========================================================================
Received Prepare
Registering precompiled user dll's ...
Registered in 0.001136 seconds.
Begin MonoManager ReloadAssembly
Native extension for WindowsStandalone target not found
Refreshing native plugins compatible for Editor in 0.16 ms, found 0 plugins.
Preloading 0 native plugins for Editor in 0.00 ms.
Mono: successfully reloaded assembly
- Completed reload, in  0.937 seconds
Platform modules already initialized, skipping
Refreshing native plugins compatible for Editor in 0.16 ms, found 0 plugins.
Preloading 0 native plugins for Editor in 0.00 ms.
Unloading 679 Unused Serialized files (Serialized files now loaded: 0)
System memory in use before: 45.8 MB.
System memory in use after: 45.9 MB.

Unloading 4 unused Assets to reduce memory usage. Loaded Objects now: 1187.
Total: 1.694400 ms (FindLiveObjects: 0.169000 ms CreateObjectMapping: 0.023300 ms MarkObjects: 1.471000 ms  DeleteObjects: 0.029900 ms)

========================================================================
Received Prepare
Registering precompiled user dll's ...
Registered in 0.001009 seconds.
Begin MonoManager ReloadAssembly
Native extension for WindowsStandalone target not found
Refreshing native plugins compatible for Editor in 0.63 ms, found 0 plugins.
Preloading 0 native plugins for Editor in 0.00 ms.
Mono: successfully reloaded assembly
- Completed reload, in  1.099 seconds
Platform modules already initialized, skipping
Refreshing native plugins compatible for Editor in 0.16 ms, found 0 plugins.
Preloading 0 native plugins for Editor in 0.00 ms.
Unloading 679 Unused Serialized files (Serialized files now loaded: 0)
System memory in use before: 45.8 MB.
System memory in use after: 45.8 MB.

Unloading 4 unused Assets to reduce memory usage. Loaded Objects now: 1190.
Total: 1.899500 ms (FindLiveObjects: 0.276400 ms CreateObjectMapping: 0.071300 ms MarkObjects: 1.533400 ms  DeleteObjects: 0.012700 ms)

========================================================================
Received Prepare
Registering precompiled user dll's ...
Registered in 0.000988 seconds.
Begin MonoManager ReloadAssembly
Native extension for WindowsStandalone target not found
Refreshing native plugins compatible for Editor in 0.24 ms, found 0 plugins.
Preloading 0 native plugins for Editor in 0.00 ms.
Mono: successfully reloaded assembly
- Completed reload, in  1.131 seconds
Platform modules already initialized, skipping
Refreshing native plugins compatible for Editor in 0.27 ms, found 0 plugins.
Preloading 0 native plugins for Editor in 0.00 ms.
Unloading 679 Unused Serialized files (Serialized files now loaded: 0)
System memory in use before: 45.8 MB.
System memory in use after: 45.8 MB.

Unloading 4 unused Assets to reduce memory usage. Loaded Objects now: 1193.
Total: 2.021400 ms (FindLiveObjects: 0.104800 ms CreateObjectMapping: 0.022100 ms MarkObjects: 1.878600 ms  DeleteObjects: 0.014600 ms)

========================================================================
Received Import Request.
  Time since last request: 1295.356220 seconds.
  path: Assets/Animations/Player.controller
  artifactKey: Guid(2f2506129f29a734799f96125299eddf) Importer(815301076,1909f56bfc062723c751e8b465ee728b)
Start importing Assets/Animations/Player.controller using Guid(2f2506129f29a734799f96125299eddf) Importer(815301076,1909f56bfc062723c751e8b465ee728b)  -> (artifact id: '40076aa88656be8a5bba12017be92f0e') in 0.015378 seconds
  Import took 0.017539 seconds .

========================================================================
Received Import Request.
  Time since last request: 0.004348 seconds.
  path: Assets/Animations/Player.controller
  artifactKey: Guid(2f2506129f29a734799f96125299eddf) Importer(815301076,1909f56bfc062723c751e8b465ee728b)
Start importing Assets/Animations/Player.controller using Guid(2f2506129f29a734799f96125299eddf) Importer(815301076,1909f56bfc062723c751e8b465ee728b)  -> (artifact id: '40076aa88656be8a5bba12017be92f0e') in 0.008067 seconds
  Import took 0.010370 seconds .

========================================================================
Received Prepare
Registering precompiled user dll's ...
Registered in 0.001759 seconds.
Begin MonoManager ReloadAssembly
Native extension for WindowsStandalone target not found
Refreshing native plugins compatible for Editor in 0.27 ms, found 0 plugins.
Preloading 0 native plugins for Editor in 0.00 ms.
Mono: successfully reloaded assembly
- Completed reload, in  0.986 seconds
Platform modules already initialized, skipping
Refreshing native plugins compatible for Editor in 0.53 ms, found 0 plugins.
Preloading 0 native plugins for Editor in 0.00 ms.
Unloading 679 Unused Serialized files (Serialized files now loaded: 0)
System memory in use before: 45.9 MB.
System memory in use after: 45.9 MB.

Unloading 4 unused Assets to reduce memory usage. Loaded Objects now: 1196.
Total: 1.688600 ms (FindLiveObjects: 0.116200 ms CreateObjectMapping: 0.033000 ms MarkObjects: 1.492200 ms  DeleteObjects: 0.046000 ms)

========================================================================
Received Import Request.
  Time since last request: 63.503370 seconds.
  path: Assets/Animations/Player.controller
  artifactKey: Guid(2f2506129f29a734799f96125299eddf) Importer(815301076,1909f56bfc062723c751e8b465ee728b)
Start importing Assets/Animations/Player.controller using Guid(2f2506129f29a734799f96125299eddf) Importer(815301076,1909f56bfc062723c751e8b465ee728b)  -> (artifact id: '4954df8a31911ebf3c5b933cf7f4cc3a') in 0.015541 seconds
  Import took 0.017436 seconds .

========================================================================
Received Prepare
Registering precompiled user dll's ...
Registered in 0.001069 seconds.
Begin MonoManager ReloadAssembly
Native extension for WindowsStandalone target not found
Refreshing native plugins compatible for Editor in 0.16 ms, found 0 plugins.
Preloading 0 native plugins for Editor in 0.00 ms.
Mono: successfully reloaded assembly
- Completed reload, in  0.963 seconds
Platform modules already initialized, skipping
Refreshing native plugins compatible for Editor in 0.40 ms, found 0 plugins.
Preloading 0 native plugins for Editor in 0.00 ms.
Unloading 679 Unused Serialized files (Serialized files now loaded: 0)
System memory in use before: 45.8 MB.
System memory in use after: 45.9 MB.

Unloading 4 unused Assets to reduce memory usage. Loaded Objects now: 1199.
Total: 1.635500 ms (FindLiveObjects: 0.127700 ms CreateObjectMapping: 0.022700 ms MarkObjects: 1.455300 ms  DeleteObjects: 0.029000 ms)

========================================================================
Received Prepare
Registering precompiled user dll's ...
Registered in 0.001673 seconds.
Begin MonoManager ReloadAssembly
Native extension for WindowsStandalone target not found
Refreshing native plugins compatible for Editor in 0.33 ms, found 0 plugins.
Preloading 0 native plugins for Editor in 0.00 ms.
Mono: successfully reloaded assembly
- Completed reload, in  1.093 seconds
Platform modules already initialized, skipping
Refreshing native plugins compatible for Editor in 0.16 ms, found 0 plugins.
Preloading 0 native plugins for Editor in 0.00 ms.
Unloading 679 Unused Serialized files (Serialized files now loaded: 0)
System memory in use before: 45.9 MB.
System memory in use after: 45.9 MB.

Unloading 4 unused Assets to reduce memory usage. Loaded Objects now: 1202.
Total: 1.543300 ms (FindLiveObjects: 0.099100 ms CreateObjectMapping: 0.045500 ms MarkObjects: 1.384800 ms  DeleteObjects: 0.012700 ms)

========================================================================
Received Prepare
Registering precompiled user dll's ...
Registered in 0.001837 seconds.
Begin MonoManager ReloadAssembly
Native extension for WindowsStandalone target not found
Refreshing native plugins compatible for Editor in 0.16 ms, found 0 plugins.
Preloading 0 native plugins for Editor in 0.00 ms.
Mono: successfully reloaded assembly
- Completed reload, in  0.929 seconds
Platform modules already initialized, skipping
Refreshing native plugins compatible for Editor in 0.17 ms, found 0 plugins.
Preloading 0 native plugins for Editor in 0.00 ms.
Unloading 679 Unused Serialized files (Serialized files now loaded: 0)
System memory in use before: 45.8 MB.
System memory in use after: 45.9 MB.

Unloading 4 unused Assets to reduce memory usage. Loaded Objects now: 1205.
Total: 1.937100 ms (FindLiveObjects: 0.394500 ms CreateObjectMapping: 0.030100 ms MarkObjects: 1.479100 ms  DeleteObjects: 0.031800 ms)

========================================================================
Received Prepare
Registering precompiled user dll's ...
Registered in 0.001355 seconds.
Begin MonoManager ReloadAssembly
Native extension for WindowsStandalone target not found
Refreshing native plugins compatible for Editor in 0.18 ms, found 0 plugins.
Preloading 0 native plugins for Editor in 0.00 ms.
Mono: successfully reloaded assembly
- Completed reload, in  0.985 seconds
Platform modules already initialized, skipping
Refreshing native plugins compatible for Editor in 0.24 ms, found 0 plugins.
Preloading 0 native plugins for Editor in 0.00 ms.
Unloading 679 Unused Serialized files (Serialized files now loaded: 0)
System memory in use before: 45.9 MB.
System memory in use after: 45.9 MB.

Unloading 4 unused Assets to reduce memory usage. Loaded Objects now: 1208.
Total: 2.001900 ms (FindLiveObjects: 0.250700 ms CreateObjectMapping: 0.060100 ms MarkObjects: 1.660800 ms  DeleteObjects: 0.028400 ms)

========================================================================
Received Prepare
Registering precompiled user dll's ...
Registered in 0.001173 seconds.
Begin MonoManager ReloadAssembly
Native extension for WindowsStandalone target not found
Refreshing native plugins compatible for Editor in 0.26 ms, found 0 plugins.
Preloading 0 native plugins for Editor in 0.00 ms.
Mono: successfully reloaded assembly
- Completed reload, in  0.973 seconds
Platform modules already initialized, skipping
Refreshing native plugins compatible for Editor in 0.25 ms, found 0 plugins.
Preloading 0 native plugins for Editor in 0.00 ms.
Unloading 679 Unused Serialized files (Serialized files now loaded: 0)
System memory in use before: 45.8 MB.
System memory in use after: 45.9 MB.

Unloading 4 unused Assets to reduce memory usage. Loaded Objects now: 1211.
Total: 1.772200 ms (FindLiveObjects: 0.208700 ms CreateObjectMapping: 0.056400 ms MarkObjects: 1.476300 ms  DeleteObjects: 0.029400 ms)

========================================================================
Received Prepare
Registering precompiled user dll's ...
Registered in 0.001224 seconds.
Begin MonoManager ReloadAssembly
Native extension for WindowsStandalone target not found
Refreshing native plugins compatible for Editor in 0.16 ms, found 0 plugins.
Preloading 0 native plugins for Editor in 0.00 ms.
Mono: successfully reloaded assembly
- Completed reload, in  1.055 seconds
Platform modules already initialized, skipping
Refreshing native plugins compatible for Editor in 0.16 ms, found 0 plugins.
Preloading 0 native plugins for Editor in 0.00 ms.
Unloading 679 Unused Serialized files (Serialized files now loaded: 0)
System memory in use before: 45.9 MB.
System memory in use after: 45.9 MB.

Unloading 4 unused Assets to reduce memory usage. Loaded Objects now: 1214.
Total: 1.700800 ms (FindLiveObjects: 0.125200 ms CreateObjectMapping: 0.023600 ms MarkObjects: 1.525300 ms  DeleteObjects: 0.025800 ms)

========================================================================
Received Import Request.
  Time since last request: 891.622883 seconds.
  path: Assets/Prefabs/Enemy1.prefab
  artifactKey: Guid(4d62392730fc196499362eb8dcb7f1ce) Importer(815301076,1909f56bfc062723c751e8b465ee728b)
Start importing Assets/Prefabs/Enemy1.prefab using Guid(4d62392730fc196499362eb8dcb7f1ce) Importer(815301076,1909f56bfc062723c751e8b465ee728b)  -> (artifact id: '2e91fdd22eb01dd22a0aea14990b681b') in 0.080398 seconds
  Import took 0.082378 seconds .

========================================================================
Received Import Request.
  Time since last request: 192.132741 seconds.
  path: Assets/Scrips/Enemy.cs
  artifactKey: Guid(df97086721ee31644b49245ff755426a) Importer(815301076,1909f56bfc062723c751e8b465ee728b)
Start importing Assets/Scrips/Enemy.cs using Guid(df97086721ee31644b49245ff755426a) Importer(815301076,1909f56bfc062723c751e8b465ee728b)  -> (artifact id: '1cdbd17e6678016be91a06e5b760faa1') in 0.005752 seconds
  Import took 0.007845 seconds .

========================================================================
Received Import Request.
  Time since last request: 0.003748 seconds.
  path: Assets/Scrips/Enemy.cs
  artifactKey: Guid(df97086721ee31644b49245ff755426a) Importer(815301076,1909f56bfc062723c751e8b465ee728b)
Start importing Assets/Scrips/Enemy.cs using Guid(df97086721ee31644b49245ff755426a) Importer(815301076,1909f56bfc062723c751e8b465ee728b)  -> (artifact id: '1cdbd17e6678016be91a06e5b760faa1') in 0.004050 seconds
  Import took 0.006935 seconds .

========================================================================
Received Prepare
Registering precompiled user dll's ...
Registered in 0.001464 seconds.
Begin MonoManager ReloadAssembly
Native extension for WindowsStandalone target not found
Refreshing native plugins compatible for Editor in 0.33 ms, found 0 plugins.
Preloading 0 native plugins for Editor in 0.00 ms.
Mono: successfully reloaded assembly
- Completed reload, in  1.037 seconds
Platform modules already initialized, skipping
Refreshing native plugins compatible for Editor in 0.43 ms, found 0 plugins.
Preloading 0 native plugins for Editor in 0.00 ms.
Unloading 679 Unused Serialized files (Serialized files now loaded: 0)
System memory in use before: 46.0 MB.
System memory in use after: 46.0 MB.

Unloading 4 unused Assets to reduce memory usage. Loaded Objects now: 1222.
Total: 2.336300 ms (FindLiveObjects: 0.273000 ms CreateObjectMapping: 0.139600 ms MarkObjects: 1.892400 ms  DeleteObjects: 0.029500 ms)

========================================================================
Received Prepare
Registering precompiled user dll's ...
Registered in 0.001241 seconds.
Begin MonoManager ReloadAssembly
Native extension for WindowsStandalone target not found
Refreshing native plugins compatible for Editor in 0.18 ms, found 0 plugins.
Preloading 0 native plugins for Editor in 0.00 ms.
Mono: successfully reloaded assembly
- Completed reload, in  1.003 seconds
Platform modules already initialized, skipping
Refreshing native plugins compatible for Editor in 0.27 ms, found 0 plugins.
Preloading 0 native plugins for Editor in 0.00 ms.
Unloading 679 Unused Serialized files (Serialized files now loaded: 0)
System memory in use before: 46.0 MB.
System memory in use after: 46.1 MB.

Unloading 4 unused Assets to reduce memory usage. Loaded Objects now: 1225.
Total: 1.867900 ms (FindLiveObjects: 0.247100 ms CreateObjectMapping: 0.065900 ms MarkObjects: 1.526800 ms  DeleteObjects: 0.025400 ms)

========================================================================
Received Prepare
Registering precompiled user dll's ...
Registered in 0.001965 seconds.
Begin MonoManager ReloadAssembly
Native extension for WindowsStandalone target not found
Refreshing native plugins compatible for Editor in 0.16 ms, found 0 plugins.
Preloading 0 native plugins for Editor in 0.00 ms.
Mono: successfully reloaded assembly
- Completed reload, in  1.005 seconds
Platform modules already initialized, skipping
Refreshing native plugins compatible for Editor in 0.17 ms, found 0 plugins.
Preloading 0 native plugins for Editor in 0.00 ms.
Unloading 679 Unused Serialized files (Serialized files now loaded: 0)
System memory in use before: 46.0 MB.
System memory in use after: 46.0 MB.

Unloading 4 unused Assets to reduce memory usage. Loaded Objects now: 1228.
Total: 2.046700 ms (FindLiveObjects: 0.203100 ms CreateObjectMapping: 0.045600 ms MarkObjects: 1.765000 ms  DeleteObjects: 0.031100 ms)

========================================================================
Received Import Request.
  Time since last request: 227.764397 seconds.
  path: Assets/Prefabs/Enemy1.prefab
  artifactKey: Guid(4d62392730fc196499362eb8dcb7f1ce) Importer(815301076,1909f56bfc062723c751e8b465ee728b)
Start importing Assets/Prefabs/Enemy1.prefab using Guid(4d62392730fc196499362eb8dcb7f1ce) Importer(815301076,1909f56bfc062723c751e8b465ee728b)  -> (artifact id: '7855530254e41efd5ad0ba54e8593049') in 0.076864 seconds
  Import took 0.081480 seconds .

========================================================================
Received Import Request.
  Time since last request: 8.866024 seconds.
  path: Assets/Prefabs/Enemy1.prefab
  artifactKey: Guid(4d62392730fc196499362eb8dcb7f1ce) Importer(815301076,1909f56bfc062723c751e8b465ee728b)
Start importing Assets/Prefabs/Enemy1.prefab using Guid(4d62392730fc196499362eb8dcb7f1ce) Importer(815301076,1909f56bfc062723c751e8b465ee728b)  -> (artifact id: 'ef9a7749414d4371cb1cf78857ce13dd') in 0.014385 seconds
  Import took 0.016718 seconds .

========================================================================
Received Import Request.
  Time since last request: 121.577477 seconds.
  path: Assets/Prefabs/Enemy1.prefab
  artifactKey: Guid(4d62392730fc196499362eb8dcb7f1ce) Importer(815301076,1909f56bfc062723c751e8b465ee728b)
Start importing Assets/Prefabs/Enemy1.prefab using Guid(4d62392730fc196499362eb8dcb7f1ce) Importer(815301076,1909f56bfc062723c751e8b465ee728b)  -> (artifact id: 'a741bc942cc66a9575e3b1837303dc36') in 0.017177 seconds
  Import took 0.019343 seconds .

========================================================================
Received Import Request.
  Time since last request: 2.372810 seconds.
  path: Assets/Prefabs/Enemy1.prefab
  artifactKey: Guid(4d62392730fc196499362eb8dcb7f1ce) Importer(815301076,1909f56bfc062723c751e8b465ee728b)
Start importing Assets/Prefabs/Enemy1.prefab using Guid(4d62392730fc196499362eb8dcb7f1ce) Importer(815301076,1909f56bfc062723c751e8b465ee728b)  -> (artifact id: '76befc74d5f4fb2520c8103abc653a27') in 0.013412 seconds
  Import took 0.015772 seconds .

========================================================================
Received Import Request.
  Time since last request: 15.683067 seconds.
  path: Assets/Prefabs/Enemy1.prefab
  artifactKey: Guid(4d62392730fc196499362eb8dcb7f1ce) Importer(815301076,1909f56bfc062723c751e8b465ee728b)
Start importing Assets/Prefabs/Enemy1.prefab using Guid(4d62392730fc196499362eb8dcb7f1ce) Importer(815301076,1909f56bfc062723c751e8b465ee728b)  -> (artifact id: 'ef158981971d9962eacecad55441436b') in 0.015635 seconds
  Import took 0.017918 seconds .

========================================================================
Received Import Request.
  Time since last request: 3.348959 seconds.
  path: Assets/Prefabs/Enemy1.prefab
  artifactKey: Guid(4d62392730fc196499362eb8dcb7f1ce) Importer(815301076,1909f56bfc062723c751e8b465ee728b)
Start importing Assets/Prefabs/Enemy1.prefab using Guid(4d62392730fc196499362eb8dcb7f1ce) Importer(815301076,1909f56bfc062723c751e8b465ee728b)  -> (artifact id: '18ef66b893fc851dc093d27317b74a49') in 0.012554 seconds
  Import took 0.015204 seconds .

========================================================================
Received Import Request.
  Time since last request: 2.421650 seconds.
  path: Assets/Prefabs/Enemy1.prefab
  artifactKey: Guid(4d62392730fc196499362eb8dcb7f1ce) Importer(815301076,1909f56bfc062723c751e8b465ee728b)
Start importing Assets/Prefabs/Enemy1.prefab using Guid(4d62392730fc196499362eb8dcb7f1ce) Importer(815301076,1909f56bfc062723c751e8b465ee728b)  -> (artifact id: '70375e16deb82cb7558c6333b59f24dd') in 0.014882 seconds
  Import took 0.017396 seconds .

========================================================================
Received Import Request.
  Time since last request: 6.452780 seconds.
  path: Assets/Prefabs/Enemy1.prefab
  artifactKey: Guid(4d62392730fc196499362eb8dcb7f1ce) Importer(815301076,1909f56bfc062723c751e8b465ee728b)
Start importing Assets/Prefabs/Enemy1.prefab using Guid(4d62392730fc196499362eb8dcb7f1ce) Importer(815301076,1909f56bfc062723c751e8b465ee728b)  -> (artifact id: '9023eaf537867dd6709ae3c57129a439') in 0.014696 seconds
  Import took 0.017068 seconds .

========================================================================
Received Prepare
Registering precompiled user dll's ...
Registered in 0.000968 seconds.
Begin MonoManager ReloadAssembly
Native extension for WindowsStandalone target not found
Refreshing native plugins compatible for Editor in 0.16 ms, found 0 plugins.
Preloading 0 native plugins for Editor in 0.00 ms.
Mono: successfully reloaded assembly
- Completed reload, in  0.961 seconds
Platform modules already initialized, skipping
Refreshing native plugins compatible for Editor in 0.15 ms, found 0 plugins.
Preloading 0 native plugins for Editor in 0.00 ms.
Unloading 679 Unused Serialized files (Serialized files now loaded: 0)
System memory in use before: 46.0 MB.
System memory in use after: 46.1 MB.

Unloading 4 unused Assets to reduce memory usage. Loaded Objects now: 1232.
Total: 2.064300 ms (FindLiveObjects: 0.216500 ms CreateObjectMapping: 0.039200 ms MarkObjects: 1.759400 ms  DeleteObjects: 0.047000 ms)

========================================================================
Received Import Request.
  Time since last request: 164.869086 seconds.
  path: Assets/Prefabs/Enemy1.prefab
  artifactKey: Guid(4d62392730fc196499362eb8dcb7f1ce) Importer(815301076,1909f56bfc062723c751e8b465ee728b)
Start importing Assets/Prefabs/Enemy1.prefab using Guid(4d62392730fc196499362eb8dcb7f1ce) Importer(815301076,1909f56bfc062723c751e8b465ee728b)  -> (artifact id: '97e1e9a5ddd273c4145d2bb2510c430f') in 0.060989 seconds
  Import took 0.063748 seconds .

========================================================================
Received Import Request.
  Time since last request: 0.009673 seconds.
  path: Assets/Prefabs/Enemy1.prefab
  artifactKey: Guid(4d62392730fc196499362eb8dcb7f1ce) Importer(815301076,1909f56bfc062723c751e8b465ee728b)
Start importing Assets/Prefabs/Enemy1.prefab using Guid(4d62392730fc196499362eb8dcb7f1ce) Importer(815301076,1909f56bfc062723c751e8b465ee728b)  -> (artifact id: '97e1e9a5ddd273c4145d2bb2510c430f') in 0.016494 seconds
  Import took 0.018767 seconds .

========================================================================
Received Prepare
Registering precompiled user dll's ...
Registered in 0.001049 seconds.
Begin MonoManager ReloadAssembly
Native extension for WindowsStandalone target not found
Refreshing native plugins compatible for Editor in 0.16 ms, found 0 plugins.
Preloading 0 native plugins for Editor in 0.00 ms.
Mono: successfully reloaded assembly
- Completed reload, in  0.989 seconds
Platform modules already initialized, skipping
Refreshing native plugins compatible for Editor in 0.16 ms, found 0 plugins.
Preloading 0 native plugins for Editor in 0.00 ms.
Unloading 679 Unused Serialized files (Serialized files now loaded: 0)
System memory in use before: 46.1 MB.
System memory in use after: 46.1 MB.

Unloading 4 unused Assets to reduce memory usage. Loaded Objects now: 1236.
Total: 1.885800 ms (FindLiveObjects: 0.118400 ms CreateObjectMapping: 0.022000 ms MarkObjects: 1.727400 ms  DeleteObjects: 0.016800 ms)

========================================================================
Received Prepare
Registering precompiled user dll's ...
Registered in 0.001642 seconds.
Begin MonoManager ReloadAssembly
Native extension for WindowsStandalone target not found
Refreshing native plugins compatible for Editor in 0.16 ms, found 0 plugins.
Preloading 0 native plugins for Editor in 0.00 ms.
Mono: successfully reloaded assembly
- Completed reload, in  0.949 seconds
Platform modules already initialized, skipping
Refreshing native plugins compatible for Editor in 0.17 ms, found 0 plugins.
Preloading 0 native plugins for Editor in 0.00 ms.
Unloading 679 Unused Serialized files (Serialized files now loaded: 0)
System memory in use before: 46.0 MB.
System memory in use after: 46.1 MB.

Unloading 4 unused Assets to reduce memory usage. Loaded Objects now: 1239.
Total: 1.582900 ms (FindLiveObjects: 0.120900 ms CreateObjectMapping: 0.024100 ms MarkObjects: 1.411300 ms  DeleteObjects: 0.025600 ms)

========================================================================
Received Import Request.
  Time since last request: 292.280061 seconds.
  path: Assets/Scenes/Gameplay.unity
  artifactKey: Guid(2cda990e2423bbf4892e6590ba056729) Importer(815301076,1909f56bfc062723c751e8b465ee728b)
Start importing Assets/Scenes/Gameplay.unity using Guid(2cda990e2423bbf4892e6590ba056729) Importer(815301076,1909f56bfc062723c751e8b465ee728b)  -> (artifact id: '4deb36a9c48e2ecb5026ac7dab29b626') in 0.011227 seconds
  Import took 0.012969 seconds .

========================================================================
Received Prepare
Registering precompiled user dll's ...
Registered in 0.001037 seconds.
Begin MonoManager ReloadAssembly
Native extension for WindowsStandalone target not found
Refreshing native plugins compatible for Editor in 0.16 ms, found 0 plugins.
Preloading 0 native plugins for Editor in 0.00 ms.
Mono: successfully reloaded assembly
- Completed reload, in  0.924 seconds
Platform modules already initialized, skipping
Refreshing native plugins compatible for Editor in 0.17 ms, found 0 plugins.
Preloading 0 native plugins for Editor in 0.00 ms.
Unloading 679 Unused Serialized files (Serialized files now loaded: 0)
System memory in use before: 46.0 MB.
System memory in use after: 46.1 MB.

Unloading 4 unused Assets to reduce memory usage. Loaded Objects now: 1242.
Total: 1.982600 ms (FindLiveObjects: 0.206300 ms CreateObjectMapping: 0.051000 ms MarkObjects: 1.696800 ms  DeleteObjects: 0.027000 ms)

========================================================================
Received Prepare
Registering precompiled user dll's ...
Registered in 0.001033 seconds.
Begin MonoManager ReloadAssembly
Native extension for WindowsStandalone target not found
Refreshing native plugins compatible for Editor in 0.16 ms, found 0 plugins.
Preloading 0 native plugins for Editor in 0.00 ms.
Mono: successfully reloaded assembly
- Completed reload, in  0.924 seconds
Platform modules already initialized, skipping
Refreshing native plugins compatible for Editor in 0.16 ms, found 0 plugins.
Preloading 0 native plugins for Editor in 0.00 ms.
Unloading 679 Unused Serialized files (Serialized files now loaded: 0)
System memory in use before: 46.1 MB.
System memory in use after: 46.1 MB.

Unloading 4 unused Assets to reduce memory usage. Loaded Objects now: 1245.
Total: 1.868500 ms (FindLiveObjects: 0.132100 ms CreateObjectMapping: 0.023700 ms MarkObjects: 1.680100 ms  DeleteObjects: 0.030000 ms)

========================================================================
Received Prepare
Registering precompiled user dll's ...
Registered in 0.001097 seconds.
Begin MonoManager ReloadAssembly
Native extension for WindowsStandalone target not found
Refreshing native plugins compatible for Editor in 0.19 ms, found 0 plugins.
Preloading 0 native plugins for Editor in 0.00 ms.
Mono: successfully reloaded assembly
- Completed reload, in  1.006 seconds
Platform modules already initialized, skipping
Refreshing native plugins compatible for Editor in 0.18 ms, found 0 plugins.
Preloading 0 native plugins for Editor in 0.00 ms.
Unloading 679 Unused Serialized files (Serialized files now loaded: 0)
System memory in use before: 46.0 MB.
System memory in use after: 46.1 MB.

Unloading 4 unused Assets to reduce memory usage. Loaded Objects now: 1248.
Total: 2.228500 ms (FindLiveObjects: 0.243900 ms CreateObjectMapping: 0.070800 ms MarkObjects: 1.866100 ms  DeleteObjects: 0.045500 ms)

========================================================================
Received Prepare
Registering precompiled user dll's ...
Registered in 0.001311 seconds.
Begin MonoManager ReloadAssembly
Native extension for WindowsStandalone target not found
Refreshing native plugins compatible for Editor in 0.20 ms, found 0 plugins.
Preloading 0 native plugins for Editor in 0.00 ms.
Mono: successfully reloaded assembly
- Completed reload, in  0.948 seconds
Platform modules already initialized, skipping
Refreshing native plugins compatible for Editor in 0.21 ms, found 0 plugins.
Preloading 0 native plugins for Editor in 0.00 ms.
Unloading 679 Unused Serialized files (Serialized files now loaded: 0)
System memory in use before: 46.1 MB.
System memory in use after: 46.1 MB.

Unloading 4 unused Assets to reduce memory usage. Loaded Objects now: 1251.
Total: 1.474400 ms (FindLiveObjects: 0.111400 ms CreateObjectMapping: 0.023300 ms MarkObjects: 1.326300 ms  DeleteObjects: 0.012200 ms)

========================================================================
Received Prepare
Registering precompiled user dll's ...
Registered in 0.001407 seconds.
Begin MonoManager ReloadAssembly
Native extension for WindowsStandalone target not found
Refreshing native plugins compatible for Editor in 0.36 ms, found 0 plugins.
Preloading 0 native plugins for Editor in 0.00 ms.
Mono: successfully reloaded assembly
- Completed reload, in  0.948 seconds
Platform modules already initialized, skipping
Refreshing native plugins compatible for Editor in 0.16 ms, found 0 plugins.
Preloading 0 native plugins for Editor in 0.00 ms.
Unloading 679 Unused Serialized files (Serialized files now loaded: 0)
System memory in use before: 46.1 MB.
System memory in use after: 46.1 MB.

Unloading 4 unused Assets to reduce memory usage. Loaded Objects now: 1254.
Total: 1.915700 ms (FindLiveObjects: 0.169900 ms CreateObjectMapping: 0.040500 ms MarkObjects: 1.688300 ms  DeleteObjects: 0.015300 ms)

========================================================================
Received Prepare
Registering precompiled user dll's ...
Registered in 0.001001 seconds.
Begin MonoManager ReloadAssembly
Native extension for WindowsStandalone target not found
Refreshing native plugins compatible for Editor in 0.79 ms, found 0 plugins.
Preloading 0 native plugins for Editor in 0.00 ms.
Mono: successfully reloaded assembly
- Completed reload, in  1.015 seconds
Platform modules already initialized, skipping
Refreshing native plugins compatible for Editor in 0.18 ms, found 0 plugins.
Preloading 0 native plugins for Editor in 0.00 ms.
Unloading 679 Unused Serialized files (Serialized files now loaded: 0)
System memory in use before: 46.1 MB.
System memory in use after: 46.1 MB.

Unloading 4 unused Assets to reduce memory usage. Loaded Objects now: 1257.
Total: 2.285100 ms (FindLiveObjects: 0.267100 ms CreateObjectMapping: 0.063700 ms MarkObjects: 1.927100 ms  DeleteObjects: 0.025400 ms)

========================================================================
Received Prepare
Registering precompiled user dll's ...
Registered in 0.001111 seconds.
Begin MonoManager ReloadAssembly
Native extension for WindowsStandalone target not found
Refreshing native plugins compatible for Editor in 0.16 ms, found 0 plugins.
Preloading 0 native plugins for Editor in 0.00 ms.
Mono: successfully reloaded assembly
- Completed reload, in  0.927 seconds
Platform modules already initialized, skipping
Refreshing native plugins compatible for Editor in 0.16 ms, found 0 plugins.
Preloading 0 native plugins for Editor in 0.00 ms.
Unloading 679 Unused Serialized files (Serialized files now loaded: 0)
System memory in use before: 46.1 MB.
System memory in use after: 46.1 MB.

Unloading 4 unused Assets to reduce memory usage. Loaded Objects now: 1260.
Total: 1.698500 ms (FindLiveObjects: 0.139900 ms CreateObjectMapping: 0.032500 ms MarkObjects: 1.498200 ms  DeleteObjects: 0.026900 ms)

========================================================================
Received Prepare
Registering precompiled user dll's ...
Registered in 0.000904 seconds.
Begin MonoManager ReloadAssembly
Native extension for WindowsStandalone target not found
Refreshing native plugins compatible for Editor in 0.17 ms, found 0 plugins.
Preloading 0 native plugins for Editor in 0.00 ms.
Mono: successfully reloaded assembly
- Completed reload, in  0.871 seconds
Platform modules already initialized, skipping
Refreshing native plugins compatible for Editor in 0.16 ms, found 0 plugins.
Preloading 0 native plugins for Editor in 0.00 ms.
Unloading 679 Unused Serialized files (Serialized files now loaded: 0)
System memory in use before: 46.1 MB.
System memory in use after: 46.1 MB.

Unloading 4 unused Assets to reduce memory usage. Loaded Objects now: 1263.
Total: 1.740400 ms (FindLiveObjects: 0.163400 ms CreateObjectMapping: 0.021700 ms MarkObjects: 1.525500 ms  DeleteObjects: 0.028800 ms)

AssetImportWorkerClient::OnTransportError - code=2 error=End of file
